<?xml version="1.0" encoding="UTF-8"?>
<!-- Generated by org.testng.reporters.JUnitXMLReporter -->
<testsuite ignored="10" hostname="LAPTOP-TOSPC5P3" failures="0" tests="20" name="ChromeTest" time="181.197" errors="0" timestamp="2025-08-22T23:57:05 IST">
  <testcase classname="tests.TC_001_SignUpTest" name="signuptest" time="1.798"/>
  <testcase classname="tests.TC_001_SignUpTest" name="signuptest" time="1.121"/>
  <testcase classname="tests.TC_001_SignUpTest" name="signuptest" time="1.124"/>
  <testcase classname="tests.TC_001_SignUpTest" name="signuptest" time="1.166"/>
  <testcase classname="tests.TC_002_LogInTest" name="homepagedata" time="1.119"/>
  <testcase classname="tests.TC_002_LogInTest" name="homepagedata" time="0.505"/>
  <testcase classname="tests.TC_002_LogInTest" name="homepagedata" time="0.485"/>
  <testcase classname="tests.TC_002_LogInTest" name="homepagedata" time="0.502"/>
  <testcase classname="tests.TC_002_LogInTest" name="homepagedata" time="0.223"/>
  <testcase classname="tests.TC_003_AddContactTest" name="addcontactTest" time="3.359"/>
  <testcase classname="tests.TC_003_AddContactTest" name="addcontactTest" time="2.678"/>
  <testcase classname="tests.TC_003_AddContactTest" name="addcontactTest" time="2.488"/>
  <testcase classname="tests.TC_003_AddContactTest" name="addcontactTest" time="3.587"/>
  <testcase classname="tests.TC_004_EditContactTest" name="editContactTest" time="9.212"/>
  <testcase classname="tests.TC_004_EditContactTest" name="verifyEditCancelRetainsOriginalDetails" time="10.266"/>
  <testcase classname="tests.TC_004_EditContactTest" name="verifyMissingLastNameTriggersValidationError" time="4.806"/>
  <testcase classname="tests.TC_005_DeleteContactTest" name="DeleteContactTest" time="52.653"/>
  <testcase classname="tests.TC_006_SessionNavigationTest" name="testLogoutRedirectsToLoginPage" time="3.69"/>
  <testcase classname="tests.TC_006_SessionNavigationTest" name="testLoginStateOnRefresh" time="5.727"/>
  <testcase classname="tests.TC_006_SessionNavigationTest" name="testBackNavigationAfterLogout" time="5.102"/>
  <testcase classname="base.ProjectSpecificationMethods" name="@BeforeSuite createReport" time="0.0">
    <ignored/>
  </testcase> <!-- @BeforeSuite createReport -->
  <testcase classname="base.ProjectSpecificationMethods" name="@AfterSuite closeReport" time="0.0">
    <ignored/>
  </testcase> <!-- @AfterSuite closeReport -->
  <testcase classname="base.ProjectSpecificationMethods" name="@BeforeSuite createReport" time="0.0">
    <ignored/>
  </testcase> <!-- @BeforeSuite createReport -->
  <testcase classname="base.ProjectSpecificationMethods" name="@BeforeSuite createReport" time="0.0">
    <ignored/>
  </testcase> <!-- @BeforeSuite createReport -->
  <testcase classname="base.ProjectSpecificationMethods" name="@AfterSuite closeReport" time="0.0">
    <ignored/>
  </testcase> <!-- @AfterSuite closeReport -->
  <testcase classname="base.ProjectSpecificationMethods" name="@AfterSuite closeReport" time="0.0">
    <ignored/>
  </testcase> <!-- @AfterSuite closeReport -->
  <testcase classname="base.ProjectSpecificationMethods" name="@BeforeSuite createReport" time="0.0">
    <ignored/>
  </testcase> <!-- @BeforeSuite createReport -->
  <testcase classname="base.ProjectSpecificationMethods" name="@BeforeSuite createReport" time="0.0">
    <ignored/>
  </testcase> <!-- @BeforeSuite createReport -->
  <testcase classname="base.ProjectSpecificationMethods" name="@AfterSuite closeReport" time="0.0">
    <ignored/>
  </testcase> <!-- @AfterSuite closeReport -->
  <testcase classname="base.ProjectSpecificationMethods" name="@AfterSuite closeReport" time="0.0">
    <ignored/>
  </testcase> <!-- @AfterSuite closeReport -->
</testsuite> <!-- ChromeTest -->
