<?xml version="1.0" encoding="UTF-8"?>
<!-- Generated by org.testng.reporters.JUnitXMLReporter -->
<testsuite ignored="10" hostname="LAPTOP-TOSPC5P3" failures="0" tests="20" name="ChromeTest" time="178.301" errors="0" timestamp="2025-08-23T01:36:37 IST">
  <testcase classname="tests.TC_001_SignUpTest" name="signuptest" time="1.71"/>
  <testcase classname="tests.TC_001_SignUpTest" name="signuptest" time="1.149"/>
  <testcase classname="tests.TC_001_SignUpTest" name="signuptest" time="1.122"/>
  <testcase classname="tests.TC_001_SignUpTest" name="signuptest" time="1.088"/>
  <testcase classname="tests.TC_002_LogInTest" name="homepagedata" time="1.079"/>
  <testcase classname="tests.TC_002_LogInTest" name="homepagedata" time="0.489"/>
  <testcase classname="tests.TC_002_LogInTest" name="homepagedata" time="0.499"/>
  <testcase classname="tests.TC_002_LogInTest" name="homepagedata" time="0.44"/>
  <testcase classname="tests.TC_002_LogInTest" name="homepagedata" time="0.182"/>
  <testcase classname="tests.TC_003_AddContactTest" name="addcontactTest" time="3.457"/>
  <testcase classname="tests.TC_003_AddContactTest" name="addcontactTest" time="2.721"/>
  <testcase classname="tests.TC_003_AddContactTest" name="addcontactTest" time="2.468"/>
  <testcase classname="tests.TC_003_AddContactTest" name="addcontactTest" time="3.61"/>
  <testcase classname="tests.TC_004_EditContactTest" name="editContactTest" time="9.129"/>
  <testcase classname="tests.TC_004_EditContactTest" name="verifyEditCancelRetainsOriginalDetails" time="10.399"/>
  <testcase classname="tests.TC_004_EditContactTest" name="verifyMissingLastNameTriggersValidationError" time="4.821"/>
  <testcase classname="tests.TC_005_DeleteContactTest" name="DeleteContactTest" time="52.683"/>
  <testcase classname="tests.TC_006_SessionNavigationTest" name="testLogoutRedirectsToLoginPage" time="3.712"/>
  <testcase classname="tests.TC_006_SessionNavigationTest" name="testLoginStateOnRefresh" time="5.771"/>
  <testcase classname="tests.TC_006_SessionNavigationTest" name="testBackNavigationAfterLogout" time="5.217"/>
  <testcase classname="base.ProjectSpecificationMethods" name="@BeforeSuite createReport" time="0.0">
    <ignored/>
  </testcase> <!-- @BeforeSuite createReport -->
  <testcase classname="base.ProjectSpecificationMethods" name="@BeforeSuite createReport" time="0.0">
    <ignored/>
  </testcase> <!-- @BeforeSuite createReport -->
  <testcase classname="base.ProjectSpecificationMethods" name="@BeforeSuite createReport" time="0.0">
    <ignored/>
  </testcase> <!-- @BeforeSuite createReport -->
  <testcase classname="base.ProjectSpecificationMethods" name="@AfterSuite closeReport" time="0.0">
    <ignored/>
  </testcase> <!-- @AfterSuite closeReport -->
  <testcase classname="base.ProjectSpecificationMethods" name="@BeforeSuite createReport" time="0.0">
    <ignored/>
  </testcase> <!-- @BeforeSuite createReport -->
  <testcase classname="base.ProjectSpecificationMethods" name="@AfterSuite closeReport" time="0.0">
    <ignored/>
  </testcase> <!-- @AfterSuite closeReport -->
  <testcase classname="base.ProjectSpecificationMethods" name="@AfterSuite closeReport" time="0.0">
    <ignored/>
  </testcase> <!-- @AfterSuite closeReport -->
  <testcase classname="base.ProjectSpecificationMethods" name="@BeforeSuite createReport" time="0.0">
    <ignored/>
  </testcase> <!-- @BeforeSuite createReport -->
  <testcase classname="base.ProjectSpecificationMethods" name="@AfterSuite closeReport" time="0.0">
    <ignored/>
  </testcase> <!-- @AfterSuite closeReport -->
  <testcase classname="base.ProjectSpecificationMethods" name="@AfterSuite closeReport" time="0.0">
    <ignored/>
  </testcase> <!-- @AfterSuite closeReport -->
</testsuite> <!-- ChromeTest -->
