<?xml version="1.0" encoding="UTF-8"?>
<!-- Generated by org.testng.reporters.JUnitXMLReporter -->
<testsuite ignored="2" hostname="LAPTOP-TOSPC5P3" failures="0" tests="3" name="EdgeTest" time="16.958" errors="0" timestamp="2025-08-22T23:57:22 IST">
  <testcase classname="tests.TC_007_InputValidationTest" name="inputValidationtest" time="2.792"/>
  <testcase classname="tests.TC_007_InputValidationTest" name="inputValidationtest" time="3.34"/>
  <testcase classname="tests.TC_008_UiTest" name="UiTest" time="2.813"/>
  <testcase classname="base.ProjectSpecificationMethods" name="@AfterSuite closeReport" time="0.0">
    <ignored/>
  </testcase> <!-- @AfterSuite closeReport -->
  <testcase classname="base.ProjectSpecificationMethods" name="@BeforeSuite createReport" time="0.0">
    <ignored/>
  </testcase> <!-- @BeforeSuite createReport -->
</testsuite> <!-- EdgeTest -->
