<?xml version="1.0" encoding="UTF-8"?>
<testng-results ignored="0" total="23" passed="23" failed="0" skipped="0">
  <reporter-output>
  </reporter-output>
  <suite started-at="2025-08-23T01:33:38 IST" name="Suite" finished-at="2025-08-23T01:36:54 IST" duration-ms="195410">
    <groups>
    </groups>
    <test started-at="2025-08-23T01:33:38 IST" name="ChromeTest" finished-at="2025-08-23T01:36:37 IST" duration-ms="178301">
      <class name="tests.TC_001_SignUpTest">
        <test-method is-config="true" signature="setup()[pri:0, instance:tests.TC_001_SignUpTest@131ef10]" started-at="2025-08-23T01:33:38 IST" name="setup" finished-at="2025-08-23T01:33:38 IST" duration-ms="1" status="PASS">
          <reporter-output>
          </reporter-output>
        </test-method> <!-- setup -->
        <test-method is-config="true" signature="testDetails()[pri:0, instance:tests.TC_001_SignUpTest@131ef10]" started-at="2025-08-23T01:33:38 IST" name="testDetails" finished-at="2025-08-23T01:33:38 IST" duration-ms="5" status="PASS">
          <reporter-output>
          </reporter-output>
        </test-method> <!-- testDetails -->
        <test-method is-config="true" signature="browserLaunchAndUrlLoad(java.lang.String,java.lang.String)[pri:0, instance:tests.TC_001_SignUpTest@131ef10]" started-at="2025-08-23T01:33:39 IST" name="browserLaunchAndUrlLoad" finished-at="2025-08-23T01:33:43 IST" duration-ms="4287" status="PASS">
          <params>
            <param index="0">
              <value>
                <![CDATA[Chrome]]>
              </value>
            </param>
            <param index="1">
              <value>
                <![CDATA[https://thinking-tester-contact-list.herokuapp.com/]]>
              </value>
            </param>
          </params>
          <reporter-output>
          </reporter-output>
        </test-method> <!-- browserLaunchAndUrlLoad -->
        <test-method signature="signuptest(java.lang.String,java.lang.String,java.lang.String,java.lang.String,java.lang.String,java.lang.String)[pri:0, instance:tests.TC_001_SignUpTest@131ef10]" started-at="2025-08-23T01:33:43 IST" name="signuptest" data-provider="readData" finished-at="2025-08-23T01:33:45 IST" duration-ms="1710" status="PASS">
          <params>
            <param index="0">
              <value>
                <![CDATA[Manjula]]>
              </value>
            </param>
            <param index="1">
              <value>
                <![CDATA[S]]>
              </value>
            </param>
            <param index="2">
              <value>
                <![CDATA[smanjulassn1811@gmail.com]]>
              </value>
            </param>
            <param index="3">
              <value>
                <![CDATA[manju@123]]>
              </value>
            </param>
            <param index="4">
              <value>
                <![CDATA[ValidInput]]>
              </value>
            </param>
            <param index="5">
              <value>
                <![CDATA[Add a New Contact]]>
              </value>
            </param>
          </params>
          <reporter-output>
          </reporter-output>
        </test-method> <!-- signuptest -->
        <test-method is-config="true" signature="closeBrowser()[pri:0, instance:tests.TC_001_SignUpTest@131ef10]" started-at="2025-08-23T01:33:45 IST" name="closeBrowser" finished-at="2025-08-23T01:33:45 IST" duration-ms="233" status="PASS">
          <reporter-output>
          </reporter-output>
        </test-method> <!-- closeBrowser -->
        <test-method is-config="true" signature="browserLaunchAndUrlLoad(java.lang.String,java.lang.String)[pri:0, instance:tests.TC_001_SignUpTest@131ef10]" started-at="2025-08-23T01:33:45 IST" name="browserLaunchAndUrlLoad" finished-at="2025-08-23T01:33:48 IST" duration-ms="2683" status="PASS">
          <params>
            <param index="0">
              <value>
                <![CDATA[Chrome]]>
              </value>
            </param>
            <param index="1">
              <value>
                <![CDATA[https://thinking-tester-contact-list.herokuapp.com/]]>
              </value>
            </param>
          </params>
          <reporter-output>
          </reporter-output>
        </test-method> <!-- browserLaunchAndUrlLoad -->
        <test-method signature="signuptest(java.lang.String,java.lang.String,java.lang.String,java.lang.String,java.lang.String,java.lang.String)[pri:0, instance:tests.TC_001_SignUpTest@131ef10]" started-at="2025-08-23T01:33:48 IST" name="signuptest" data-provider="readData" finished-at="2025-08-23T01:33:49 IST" duration-ms="1149" status="PASS">
          <params>
            <param index="0">
              <value>
                <![CDATA[sai]]>
              </value>
            </param>
            <param index="1">
              <value>
                <![CDATA[madhi]]>
              </value>
            </param>
            <param index="2">
              <value>
                <![CDATA[guviuser282@gmail.com]]>
              </value>
            </param>
            <param index="3">
              <value>
                <![CDATA[Sai@12345.]]>
              </value>
            </param>
            <param index="4">
              <value>
                <![CDATA[ExistingEmail]]>
              </value>
            </param>
            <param index="5">
              <value>
                <![CDATA[Email address is already in use]]>
              </value>
            </param>
          </params>
          <reporter-output>
          </reporter-output>
        </test-method> <!-- signuptest -->
        <test-method is-config="true" signature="closeBrowser()[pri:0, instance:tests.TC_001_SignUpTest@131ef10]" started-at="2025-08-23T01:33:49 IST" name="closeBrowser" finished-at="2025-08-23T01:33:50 IST" duration-ms="225" status="PASS">
          <reporter-output>
          </reporter-output>
        </test-method> <!-- closeBrowser -->
        <test-method is-config="true" signature="browserLaunchAndUrlLoad(java.lang.String,java.lang.String)[pri:0, instance:tests.TC_001_SignUpTest@131ef10]" started-at="2025-08-23T01:33:50 IST" name="browserLaunchAndUrlLoad" finished-at="2025-08-23T01:33:52 IST" duration-ms="2680" status="PASS">
          <params>
            <param index="0">
              <value>
                <![CDATA[Chrome]]>
              </value>
            </param>
            <param index="1">
              <value>
                <![CDATA[https://thinking-tester-contact-list.herokuapp.com/]]>
              </value>
            </param>
          </params>
          <reporter-output>
          </reporter-output>
        </test-method> <!-- browserLaunchAndUrlLoad -->
        <test-method signature="signuptest(java.lang.String,java.lang.String,java.lang.String,java.lang.String,java.lang.String,java.lang.String)[pri:0, instance:tests.TC_001_SignUpTest@131ef10]" started-at="2025-08-23T01:33:52 IST" name="signuptest" data-provider="readData" finished-at="2025-08-23T01:33:53 IST" duration-ms="1122" status="PASS">
          <params>
            <param index="0">
              <value>
                <![CDATA[Deepa]]>
              </value>
            </param>
            <param index="1">
              <value>
                <![CDATA[D]]>
              </value>
            </param>
            <param index="2">
              <value>
                <![CDATA[]]>
              </value>
            </param>
            <param index="3">
              <value>
                <![CDATA[]]>
              </value>
            </param>
            <param index="4">
              <value>
                <![CDATA[InvalidInput]]>
              </value>
            </param>
            <param index="5">
              <value>
                <![CDATA[User validation failed: email: Email is invalid, password: Path `password` is required.]]>
              </value>
            </param>
          </params>
          <reporter-output>
          </reporter-output>
        </test-method> <!-- signuptest -->
        <test-method is-config="true" signature="closeBrowser()[pri:0, instance:tests.TC_001_SignUpTest@131ef10]" started-at="2025-08-23T01:33:54 IST" name="closeBrowser" finished-at="2025-08-23T01:33:54 IST" duration-ms="213" status="PASS">
          <reporter-output>
          </reporter-output>
        </test-method> <!-- closeBrowser -->
        <test-method is-config="true" signature="browserLaunchAndUrlLoad(java.lang.String,java.lang.String)[pri:0, instance:tests.TC_001_SignUpTest@131ef10]" started-at="2025-08-23T01:33:54 IST" name="browserLaunchAndUrlLoad" finished-at="2025-08-23T01:33:56 IST" duration-ms="2584" status="PASS">
          <params>
            <param index="0">
              <value>
                <![CDATA[Chrome]]>
              </value>
            </param>
            <param index="1">
              <value>
                <![CDATA[https://thinking-tester-contact-list.herokuapp.com/]]>
              </value>
            </param>
          </params>
          <reporter-output>
          </reporter-output>
        </test-method> <!-- browserLaunchAndUrlLoad -->
        <test-method signature="signuptest(java.lang.String,java.lang.String,java.lang.String,java.lang.String,java.lang.String,java.lang.String)[pri:0, instance:tests.TC_001_SignUpTest@131ef10]" started-at="2025-08-23T01:33:56 IST" name="signuptest" data-provider="readData" finished-at="2025-08-23T01:33:57 IST" duration-ms="1088" status="PASS">
          <params>
            <param index="0">
              <value>
                <![CDATA[sakthi]]>
              </value>
            </param>
            <param index="1">
              <value>
                <![CDATA[sri]]>
              </value>
            </param>
            <param index="2">
              <value>
                <![CDATA[sakthi@name]]>
              </value>
            </param>
            <param index="3">
              <value>
                <![CDATA[sakthi2015]]>
              </value>
            </param>
            <param index="4">
              <value>
                <![CDATA[InvalidEmail]]>
              </value>
            </param>
            <param index="5">
              <value>
                <![CDATA[User validation failed: email: Email is invalid]]>
              </value>
            </param>
          </params>
          <reporter-output>
          </reporter-output>
        </test-method> <!-- signuptest -->
        <test-method is-config="true" signature="closeBrowser()[pri:0, instance:tests.TC_001_SignUpTest@131ef10]" started-at="2025-08-23T01:33:58 IST" name="closeBrowser" finished-at="2025-08-23T01:33:58 IST" duration-ms="226" status="PASS">
          <reporter-output>
          </reporter-output>
        </test-method> <!-- closeBrowser -->
      </class> <!-- tests.TC_001_SignUpTest -->
      <class name="tests.TC_003_AddContactTest">
        <test-method is-config="true" signature="setup()[pri:0, instance:tests.TC_003_AddContactTest@7c9d8e2]" started-at="2025-08-23T01:33:38 IST" name="setup" finished-at="2025-08-23T01:33:38 IST" duration-ms="0" status="PASS">
          <reporter-output>
          </reporter-output>
        </test-method> <!-- setup -->
        <test-method is-config="true" signature="testDetails()[pri:0, instance:tests.TC_003_AddContactTest@7c9d8e2]" started-at="2025-08-23T01:34:15 IST" name="testDetails" finished-at="2025-08-23T01:34:15 IST" duration-ms="1" status="PASS">
          <reporter-output>
          </reporter-output>
        </test-method> <!-- testDetails -->
        <test-method is-config="true" signature="browserLaunchAndUrlLoad(java.lang.String,java.lang.String)[pri:0, instance:tests.TC_003_AddContactTest@7c9d8e2]" started-at="2025-08-23T01:34:16 IST" name="browserLaunchAndUrlLoad" finished-at="2025-08-23T01:34:18 IST" duration-ms="2657" status="PASS">
          <params>
            <param index="0">
              <value>
                <![CDATA[Chrome]]>
              </value>
            </param>
            <param index="1">
              <value>
                <![CDATA[https://thinking-tester-contact-list.herokuapp.com/]]>
              </value>
            </param>
          </params>
          <reporter-output>
          </reporter-output>
        </test-method> <!-- browserLaunchAndUrlLoad -->
        <test-method signature="addcontactTest(java.lang.String,java.lang.String,java.lang.String,java.lang.String,java.lang.String,java.lang.String,java.lang.String,java.lang.String,java.lang.String,java.lang.String,java.lang.String,java.lang.String,java.lang.String)[pri:0, instance:tests.TC_003_AddContactTest@7c9d8e2]" started-at="2025-08-23T01:34:18 IST" name="addcontactTest" data-provider="readData" finished-at="2025-08-23T01:34:22 IST" duration-ms="3457" status="PASS">
          <params>
            <param index="0">
              <value>
                <![CDATA[Sai]]>
              </value>
            </param>
            <param index="1">
              <value>
                <![CDATA[Madhi]]>
              </value>
            </param>
            <param index="2">
              <value>
                <![CDATA[2005/05/05]]>
              </value>
            </param>
            <param index="3">
              <value>
                <![CDATA[sai123@gmail.com]]>
              </value>
            </param>
            <param index="4">
              <value>
                <![CDATA[9876512240]]>
              </value>
            </param>
            <param index="5">
              <value>
                <![CDATA[Arul Nagar]]>
              </value>
            </param>
            <param index="6">
              <value>
                <![CDATA[2nd street]]>
              </value>
            </param>
            <param index="7">
              <value>
                <![CDATA[Chennai]]>
              </value>
            </param>
            <param index="8">
              <value>
                <![CDATA[TamilNadu]]>
              </value>
            </param>
            <param index="9">
              <value>
                <![CDATA[600094]]>
              </value>
            </param>
            <param index="10">
              <value>
                <![CDATA[India]]>
              </value>
            </param>
            <param index="11">
              <value>
                <![CDATA[ContactIsAdded]]>
              </value>
            </param>
            <param index="12">
              <value>
                <![CDATA[Sai Madhi]]>
              </value>
            </param>
          </params>
          <reporter-output>
          </reporter-output>
        </test-method> <!-- addcontactTest -->
        <test-method is-config="true" signature="closeBrowser()[pri:0, instance:tests.TC_003_AddContactTest@7c9d8e2]" started-at="2025-08-23T01:34:22 IST" name="closeBrowser" finished-at="2025-08-23T01:34:22 IST" duration-ms="236" status="PASS">
          <reporter-output>
          </reporter-output>
        </test-method> <!-- closeBrowser -->
        <test-method is-config="true" signature="browserLaunchAndUrlLoad(java.lang.String,java.lang.String)[pri:0, instance:tests.TC_003_AddContactTest@7c9d8e2]" started-at="2025-08-23T01:34:22 IST" name="browserLaunchAndUrlLoad" finished-at="2025-08-23T01:34:25 IST" duration-ms="2718" status="PASS">
          <params>
            <param index="0">
              <value>
                <![CDATA[Chrome]]>
              </value>
            </param>
            <param index="1">
              <value>
                <![CDATA[https://thinking-tester-contact-list.herokuapp.com/]]>
              </value>
            </param>
          </params>
          <reporter-output>
          </reporter-output>
        </test-method> <!-- browserLaunchAndUrlLoad -->
        <test-method signature="addcontactTest(java.lang.String,java.lang.String,java.lang.String,java.lang.String,java.lang.String,java.lang.String,java.lang.String,java.lang.String,java.lang.String,java.lang.String,java.lang.String,java.lang.String,java.lang.String)[pri:0, instance:tests.TC_003_AddContactTest@7c9d8e2]" started-at="2025-08-23T01:34:25 IST" name="addcontactTest" data-provider="readData" finished-at="2025-08-23T01:34:27 IST" duration-ms="2721" status="PASS">
          <params>
            <param index="0">
              <value>
                <![CDATA[]]>
              </value>
            </param>
            <param index="1">
              <value>
                <![CDATA[]]>
              </value>
            </param>
            <param index="2">
              <value>
                <![CDATA[1995/12/25]]>
              </value>
            </param>
            <param index="3">
              <value>
                <![CDATA[srinithi@gmail.com]]>
              </value>
            </param>
            <param index="4">
              <value>
                <![CDATA[9885433211]]>
              </value>
            </param>
            <param index="5">
              <value>
                <![CDATA[Gandhi nagar]]>
              </value>
            </param>
            <param index="6">
              <value>
                <![CDATA[Adayar]]>
              </value>
            </param>
            <param index="7">
              <value>
                <![CDATA[Chennai]]>
              </value>
            </param>
            <param index="8">
              <value>
                <![CDATA[TamilNadu]]>
              </value>
            </param>
            <param index="9">
              <value>
                <![CDATA[600094]]>
              </value>
            </param>
            <param index="10">
              <value>
                <![CDATA[India]]>
              </value>
            </param>
            <param index="11">
              <value>
                <![CDATA[EmptyField]]>
              </value>
            </param>
            <param index="12">
              <value>
                <![CDATA[Contact validation failed: firstName: Path `firstName` is required., lastName: Path `lastName` is required.]]>
              </value>
            </param>
          </params>
          <reporter-output>
          </reporter-output>
        </test-method> <!-- addcontactTest -->
        <test-method is-config="true" signature="closeBrowser()[pri:0, instance:tests.TC_003_AddContactTest@7c9d8e2]" started-at="2025-08-23T01:34:28 IST" name="closeBrowser" finished-at="2025-08-23T01:34:28 IST" duration-ms="213" status="PASS">
          <reporter-output>
          </reporter-output>
        </test-method> <!-- closeBrowser -->
        <test-method is-config="true" signature="browserLaunchAndUrlLoad(java.lang.String,java.lang.String)[pri:0, instance:tests.TC_003_AddContactTest@7c9d8e2]" started-at="2025-08-23T01:34:28 IST" name="browserLaunchAndUrlLoad" finished-at="2025-08-23T01:34:30 IST" duration-ms="2651" status="PASS">
          <params>
            <param index="0">
              <value>
                <![CDATA[Chrome]]>
              </value>
            </param>
            <param index="1">
              <value>
                <![CDATA[https://thinking-tester-contact-list.herokuapp.com/]]>
              </value>
            </param>
          </params>
          <reporter-output>
          </reporter-output>
        </test-method> <!-- browserLaunchAndUrlLoad -->
        <test-method signature="addcontactTest(java.lang.String,java.lang.String,java.lang.String,java.lang.String,java.lang.String,java.lang.String,java.lang.String,java.lang.String,java.lang.String,java.lang.String,java.lang.String,java.lang.String,java.lang.String)[pri:0, instance:tests.TC_003_AddContactTest@7c9d8e2]" started-at="2025-08-23T01:34:30 IST" name="addcontactTest" data-provider="readData" finished-at="2025-08-23T01:34:33 IST" duration-ms="2468" status="PASS">
          <params>
            <param index="0">
              <value>
                <![CDATA[satya]]>
              </value>
            </param>
            <param index="1">
              <value>
                <![CDATA[karthik]]>
              </value>
            </param>
            <param index="2">
              <value>
                <![CDATA[1992/04/21]]>
              </value>
            </param>
            <param index="3">
              <value>
                <![CDATA[satya@gmail.com]]>
              </value>
            </param>
            <param index="4">
              <value>
                <![CDATA[abcdef]]>
              </value>
            </param>
            <param index="5">
              <value>
                <![CDATA[sakthi nagar]]>
              </value>
            </param>
            <param index="6">
              <value>
                <![CDATA[3rd street]]>
              </value>
            </param>
            <param index="7">
              <value>
                <![CDATA[Chennai]]>
              </value>
            </param>
            <param index="8">
              <value>
                <![CDATA[TamilNadu]]>
              </value>
            </param>
            <param index="9">
              <value>
                <![CDATA[600094]]>
              </value>
            </param>
            <param index="10">
              <value>
                <![CDATA[India]]>
              </value>
            </param>
            <param index="11">
              <value>
                <![CDATA[InvalidPhoneNumber]]>
              </value>
            </param>
            <param index="12">
              <value>
                <![CDATA[Contact validation failed: phone: Phone number is invalid]]>
              </value>
            </param>
          </params>
          <reporter-output>
          </reporter-output>
        </test-method> <!-- addcontactTest -->
        <test-method is-config="true" signature="closeBrowser()[pri:0, instance:tests.TC_003_AddContactTest@7c9d8e2]" started-at="2025-08-23T01:34:33 IST" name="closeBrowser" finished-at="2025-08-23T01:34:33 IST" duration-ms="223" status="PASS">
          <reporter-output>
          </reporter-output>
        </test-method> <!-- closeBrowser -->
        <test-method is-config="true" signature="browserLaunchAndUrlLoad(java.lang.String,java.lang.String)[pri:0, instance:tests.TC_003_AddContactTest@7c9d8e2]" started-at="2025-08-23T01:34:33 IST" name="browserLaunchAndUrlLoad" finished-at="2025-08-23T01:34:36 IST" duration-ms="2741" status="PASS">
          <params>
            <param index="0">
              <value>
                <![CDATA[Chrome]]>
              </value>
            </param>
            <param index="1">
              <value>
                <![CDATA[https://thinking-tester-contact-list.herokuapp.com/]]>
              </value>
            </param>
          </params>
          <reporter-output>
          </reporter-output>
        </test-method> <!-- browserLaunchAndUrlLoad -->
        <test-method signature="addcontactTest(java.lang.String,java.lang.String,java.lang.String,java.lang.String,java.lang.String,java.lang.String,java.lang.String,java.lang.String,java.lang.String,java.lang.String,java.lang.String,java.lang.String,java.lang.String)[pri:0, instance:tests.TC_003_AddContactTest@7c9d8e2]" started-at="2025-08-23T01:34:36 IST" name="addcontactTest" data-provider="readData" finished-at="2025-08-23T01:34:40 IST" duration-ms="3610" status="PASS">
          <params>
            <param index="0">
              <value>
                <![CDATA[Sai]]>
              </value>
            </param>
            <param index="1">
              <value>
                <![CDATA[Madhi]]>
              </value>
            </param>
            <param index="2">
              <value>
                <![CDATA[2005/05/05]]>
              </value>
            </param>
            <param index="3">
              <value>
                <![CDATA[sai123@gmail.com]]>
              </value>
            </param>
            <param index="4">
              <value>
                <![CDATA[9876512240]]>
              </value>
            </param>
            <param index="5">
              <value>
                <![CDATA[Arul Nagar]]>
              </value>
            </param>
            <param index="6">
              <value>
                <![CDATA[2nd street]]>
              </value>
            </param>
            <param index="7">
              <value>
                <![CDATA[Chennai]]>
              </value>
            </param>
            <param index="8">
              <value>
                <![CDATA[TamilNadu]]>
              </value>
            </param>
            <param index="9">
              <value>
                <![CDATA[600094]]>
              </value>
            </param>
            <param index="10">
              <value>
                <![CDATA[India]]>
              </value>
            </param>
            <param index="11">
              <value>
                <![CDATA[duplicateContact]]>
              </value>
            </param>
            <param index="12">
              <value>
                <![CDATA[Sai Madhi]]>
              </value>
            </param>
          </params>
          <reporter-output>
          </reporter-output>
        </test-method> <!-- addcontactTest -->
        <test-method is-config="true" signature="closeBrowser()[pri:0, instance:tests.TC_003_AddContactTest@7c9d8e2]" started-at="2025-08-23T01:34:40 IST" name="closeBrowser" finished-at="2025-08-23T01:34:40 IST" duration-ms="244" status="PASS">
          <reporter-output>
          </reporter-output>
        </test-method> <!-- closeBrowser -->
      </class> <!-- tests.TC_003_AddContactTest -->
      <class name="tests.TC_005_DeleteContactTest">
        <test-method is-config="true" signature="setup()[pri:0, instance:tests.TC_005_DeleteContactTest@6200f9cb]" started-at="2025-08-23T01:33:38 IST" name="setup" finished-at="2025-08-23T01:33:38 IST" duration-ms="0" status="PASS">
          <reporter-output>
          </reporter-output>
        </test-method> <!-- setup -->
        <test-method is-config="true" signature="testDetails()[pri:0, instance:tests.TC_005_DeleteContactTest@6200f9cb]" started-at="2025-08-23T01:35:16 IST" name="testDetails" finished-at="2025-08-23T01:35:16 IST" duration-ms="1" status="PASS">
          <reporter-output>
          </reporter-output>
        </test-method> <!-- testDetails -->
        <test-method is-config="true" signature="browserLaunchAndUrlLoad(java.lang.String,java.lang.String)[pri:0, instance:tests.TC_005_DeleteContactTest@6200f9cb]" started-at="2025-08-23T01:35:16 IST" name="browserLaunchAndUrlLoad" finished-at="2025-08-23T01:35:19 IST" duration-ms="2661" status="PASS">
          <params>
            <param index="0">
              <value>
                <![CDATA[Chrome]]>
              </value>
            </param>
            <param index="1">
              <value>
                <![CDATA[https://thinking-tester-contact-list.herokuapp.com/]]>
              </value>
            </param>
          </params>
          <reporter-output>
          </reporter-output>
        </test-method> <!-- browserLaunchAndUrlLoad -->
        <test-method signature="DeleteContactTest()[pri:0, instance:tests.TC_005_DeleteContactTest@6200f9cb]" started-at="2025-08-23T01:35:19 IST" name="DeleteContactTest" finished-at="2025-08-23T01:36:11 IST" duration-ms="52683" status="PASS">
          <reporter-output>
          </reporter-output>
        </test-method> <!-- DeleteContactTest -->
        <test-method is-config="true" signature="closeBrowser()[pri:0, instance:tests.TC_005_DeleteContactTest@6200f9cb]" started-at="2025-08-23T01:36:11 IST" name="closeBrowser" finished-at="2025-08-23T01:36:12 IST" duration-ms="216" status="PASS">
          <reporter-output>
          </reporter-output>
        </test-method> <!-- closeBrowser -->
      </class> <!-- tests.TC_005_DeleteContactTest -->
      <class name="tests.TC_006_SessionNavigationTest">
        <test-method is-config="true" signature="setup()[pri:0, instance:tests.TC_006_SessionNavigationTest@2002fc1d]" started-at="2025-08-23T01:33:38 IST" name="setup" finished-at="2025-08-23T01:33:38 IST" duration-ms="0" status="PASS">
          <reporter-output>
          </reporter-output>
        </test-method> <!-- setup -->
        <test-method is-config="true" signature="browserLaunchAndUrlLoad(java.lang.String,java.lang.String)[pri:0, instance:tests.TC_006_SessionNavigationTest@2002fc1d]" started-at="2025-08-23T01:36:12 IST" name="browserLaunchAndUrlLoad" finished-at="2025-08-23T01:36:16 IST" duration-ms="3794" status="PASS">
          <params>
            <param index="0">
              <value>
                <![CDATA[Chrome]]>
              </value>
            </param>
            <param index="1">
              <value>
                <![CDATA[https://thinking-tester-contact-list.herokuapp.com/]]>
              </value>
            </param>
          </params>
          <reporter-output>
          </reporter-output>
        </test-method> <!-- browserLaunchAndUrlLoad -->
        <test-method is-config="true" signature="testDetails()[pri:0, instance:tests.TC_006_SessionNavigationTest@2002fc1d]" started-at="2025-08-23T01:36:12 IST" name="testDetails" finished-at="2025-08-23T01:36:12 IST" duration-ms="0" status="PASS">
          <reporter-output>
          </reporter-output>
        </test-method> <!-- testDetails -->
        <test-method signature="testLogoutRedirectsToLoginPage()[pri:0, instance:tests.TC_006_SessionNavigationTest@2002fc1d]" started-at="2025-08-23T01:36:16 IST" name="testLogoutRedirectsToLoginPage" finished-at="2025-08-23T01:36:19 IST" duration-ms="3712" status="PASS">
          <reporter-output>
          </reporter-output>
        </test-method> <!-- testLogoutRedirectsToLoginPage -->
        <test-method is-config="true" signature="closeBrowser()[pri:0, instance:tests.TC_006_SessionNavigationTest@2002fc1d]" started-at="2025-08-23T01:36:19 IST" name="closeBrowser" finished-at="2025-08-23T01:36:20 IST" duration-ms="230" status="PASS">
          <reporter-output>
          </reporter-output>
        </test-method> <!-- closeBrowser -->
        <test-method is-config="true" signature="browserLaunchAndUrlLoad(java.lang.String,java.lang.String)[pri:0, instance:tests.TC_006_SessionNavigationTest@2002fc1d]" started-at="2025-08-23T01:36:20 IST" name="browserLaunchAndUrlLoad" finished-at="2025-08-23T01:36:22 IST" duration-ms="2697" status="PASS">
          <params>
            <param index="0">
              <value>
                <![CDATA[Chrome]]>
              </value>
            </param>
            <param index="1">
              <value>
                <![CDATA[https://thinking-tester-contact-list.herokuapp.com/]]>
              </value>
            </param>
          </params>
          <reporter-output>
          </reporter-output>
        </test-method> <!-- browserLaunchAndUrlLoad -->
        <test-method signature="testLoginStateOnRefresh()[pri:1, instance:tests.TC_006_SessionNavigationTest@2002fc1d]" started-at="2025-08-23T01:36:22 IST" name="testLoginStateOnRefresh" finished-at="2025-08-23T01:36:28 IST" duration-ms="5771" status="PASS">
          <reporter-output>
          </reporter-output>
        </test-method> <!-- testLoginStateOnRefresh -->
        <test-method is-config="true" signature="closeBrowser()[pri:0, instance:tests.TC_006_SessionNavigationTest@2002fc1d]" started-at="2025-08-23T01:36:28 IST" name="closeBrowser" finished-at="2025-08-23T01:36:28 IST" duration-ms="276" status="PASS">
          <reporter-output>
          </reporter-output>
        </test-method> <!-- closeBrowser -->
        <test-method is-config="true" signature="browserLaunchAndUrlLoad(java.lang.String,java.lang.String)[pri:0, instance:tests.TC_006_SessionNavigationTest@2002fc1d]" started-at="2025-08-23T01:36:28 IST" name="browserLaunchAndUrlLoad" finished-at="2025-08-23T01:36:31 IST" duration-ms="2746" status="PASS">
          <params>
            <param index="0">
              <value>
                <![CDATA[Chrome]]>
              </value>
            </param>
            <param index="1">
              <value>
                <![CDATA[https://thinking-tester-contact-list.herokuapp.com/]]>
              </value>
            </param>
          </params>
          <reporter-output>
          </reporter-output>
        </test-method> <!-- browserLaunchAndUrlLoad -->
        <test-method signature="testBackNavigationAfterLogout()[pri:2, instance:tests.TC_006_SessionNavigationTest@2002fc1d]" started-at="2025-08-23T01:36:31 IST" name="testBackNavigationAfterLogout" finished-at="2025-08-23T01:36:36 IST" duration-ms="5217" status="PASS">
          <reporter-output>
          </reporter-output>
        </test-method> <!-- testBackNavigationAfterLogout -->
        <test-method is-config="true" signature="closeBrowser()[pri:0, instance:tests.TC_006_SessionNavigationTest@2002fc1d]" started-at="2025-08-23T01:36:37 IST" name="closeBrowser" finished-at="2025-08-23T01:36:37 IST" duration-ms="258" status="PASS">
          <reporter-output>
          </reporter-output>
        </test-method> <!-- closeBrowser -->
      </class> <!-- tests.TC_006_SessionNavigationTest -->
      <class name="tests.TC_004_EditContactTest">
        <test-method is-config="true" signature="setup()[pri:0, instance:tests.TC_004_EditContactTest@20d525]" started-at="2025-08-23T01:33:38 IST" name="setup" finished-at="2025-08-23T01:33:38 IST" duration-ms="0" status="PASS">
          <reporter-output>
          </reporter-output>
        </test-method> <!-- setup -->
        <test-method is-config="true" signature="browserLaunchAndUrlLoad(java.lang.String,java.lang.String)[pri:0, instance:tests.TC_004_EditContactTest@20d525]" started-at="2025-08-23T01:34:40 IST" name="browserLaunchAndUrlLoad" finished-at="2025-08-23T01:34:43 IST" duration-ms="2682" status="PASS">
          <params>
            <param index="0">
              <value>
                <![CDATA[Chrome]]>
              </value>
            </param>
            <param index="1">
              <value>
                <![CDATA[https://thinking-tester-contact-list.herokuapp.com/]]>
              </value>
            </param>
          </params>
          <reporter-output>
          </reporter-output>
        </test-method> <!-- browserLaunchAndUrlLoad -->
        <test-method is-config="true" signature="testDetails()[pri:0, instance:tests.TC_004_EditContactTest@20d525]" started-at="2025-08-23T01:34:40 IST" name="testDetails" finished-at="2025-08-23T01:34:40 IST" duration-ms="0" status="PASS">
          <reporter-output>
          </reporter-output>
        </test-method> <!-- testDetails -->
        <test-method signature="editContactTest()[pri:0, instance:tests.TC_004_EditContactTest@20d525]" started-at="2025-08-23T01:34:43 IST" name="editContactTest" finished-at="2025-08-23T01:34:52 IST" duration-ms="9129" status="PASS">
          <reporter-output>
          </reporter-output>
        </test-method> <!-- editContactTest -->
        <test-method is-config="true" signature="closeBrowser()[pri:0, instance:tests.TC_004_EditContactTest@20d525]" started-at="2025-08-23T01:34:52 IST" name="closeBrowser" finished-at="2025-08-23T01:34:52 IST" duration-ms="286" status="PASS">
          <reporter-output>
          </reporter-output>
        </test-method> <!-- closeBrowser -->
        <test-method is-config="true" signature="browserLaunchAndUrlLoad(java.lang.String,java.lang.String)[pri:0, instance:tests.TC_004_EditContactTest@20d525]" started-at="2025-08-23T01:34:52 IST" name="browserLaunchAndUrlLoad" finished-at="2025-08-23T01:34:56 IST" duration-ms="3796" status="PASS">
          <params>
            <param index="0">
              <value>
                <![CDATA[Chrome]]>
              </value>
            </param>
            <param index="1">
              <value>
                <![CDATA[https://thinking-tester-contact-list.herokuapp.com/]]>
              </value>
            </param>
          </params>
          <reporter-output>
          </reporter-output>
        </test-method> <!-- browserLaunchAndUrlLoad -->
        <test-method signature="verifyEditCancelRetainsOriginalDetails()[pri:1, instance:tests.TC_004_EditContactTest@20d525]" started-at="2025-08-23T01:34:56 IST" name="verifyEditCancelRetainsOriginalDetails" finished-at="2025-08-23T01:35:06 IST" duration-ms="10399" status="PASS">
          <reporter-output>
          </reporter-output>
        </test-method> <!-- verifyEditCancelRetainsOriginalDetails -->
        <test-method is-config="true" signature="closeBrowser()[pri:0, instance:tests.TC_004_EditContactTest@20d525]" started-at="2025-08-23T01:35:06 IST" name="closeBrowser" finished-at="2025-08-23T01:35:07 IST" duration-ms="289" status="PASS">
          <reporter-output>
          </reporter-output>
        </test-method> <!-- closeBrowser -->
        <test-method is-config="true" signature="browserLaunchAndUrlLoad(java.lang.String,java.lang.String)[pri:0, instance:tests.TC_004_EditContactTest@20d525]" started-at="2025-08-23T01:35:07 IST" name="browserLaunchAndUrlLoad" finished-at="2025-08-23T01:35:11 IST" duration-ms="4182" status="PASS">
          <params>
            <param index="0">
              <value>
                <![CDATA[Chrome]]>
              </value>
            </param>
            <param index="1">
              <value>
                <![CDATA[https://thinking-tester-contact-list.herokuapp.com/]]>
              </value>
            </param>
          </params>
          <reporter-output>
          </reporter-output>
        </test-method> <!-- browserLaunchAndUrlLoad -->
        <test-method signature="verifyMissingLastNameTriggersValidationError()[pri:2, instance:tests.TC_004_EditContactTest@20d525]" started-at="2025-08-23T01:35:11 IST" name="verifyMissingLastNameTriggersValidationError" finished-at="2025-08-23T01:35:16 IST" duration-ms="4821" status="PASS">
          <reporter-output>
          </reporter-output>
        </test-method> <!-- verifyMissingLastNameTriggersValidationError -->
        <test-method is-config="true" signature="closeBrowser()[pri:0, instance:tests.TC_004_EditContactTest@20d525]" started-at="2025-08-23T01:35:16 IST" name="closeBrowser" finished-at="2025-08-23T01:35:16 IST" duration-ms="300" status="PASS">
          <reporter-output>
          </reporter-output>
        </test-method> <!-- closeBrowser -->
      </class> <!-- tests.TC_004_EditContactTest -->
      <class name="tests.TC_002_LogInTest">
        <test-method is-config="true" signature="setup()[pri:0, instance:tests.TC_002_LogInTest@37ceb1df]" started-at="2025-08-23T01:33:38 IST" name="setup" finished-at="2025-08-23T01:33:38 IST" duration-ms="0" status="PASS">
          <reporter-output>
          </reporter-output>
        </test-method> <!-- setup -->
        <test-method is-config="true" signature="testDetails()[pri:0, instance:tests.TC_002_LogInTest@37ceb1df]" started-at="2025-08-23T01:33:58 IST" name="testDetails" finished-at="2025-08-23T01:33:58 IST" duration-ms="1" status="PASS">
          <reporter-output>
          </reporter-output>
        </test-method> <!-- testDetails -->
        <test-method is-config="true" signature="browserLaunchAndUrlLoad(java.lang.String,java.lang.String)[pri:0, instance:tests.TC_002_LogInTest@37ceb1df]" started-at="2025-08-23T01:33:58 IST" name="browserLaunchAndUrlLoad" finished-at="2025-08-23T01:34:00 IST" duration-ms="2648" status="PASS">
          <params>
            <param index="0">
              <value>
                <![CDATA[Chrome]]>
              </value>
            </param>
            <param index="1">
              <value>
                <![CDATA[https://thinking-tester-contact-list.herokuapp.com/]]>
              </value>
            </param>
          </params>
          <reporter-output>
          </reporter-output>
        </test-method> <!-- browserLaunchAndUrlLoad -->
        <test-method signature="homepagedata(java.lang.String,java.lang.String,java.lang.String,java.lang.String)[pri:0, instance:tests.TC_002_LogInTest@37ceb1df]" started-at="2025-08-23T01:34:00 IST" name="homepagedata" data-provider="readData" finished-at="2025-08-23T01:34:02 IST" duration-ms="1079" status="PASS">
          <params>
            <param index="0">
              <value>
                <![CDATA[guviuser282@gmail.com]]>
              </value>
            </param>
            <param index="1">
              <value>
                <![CDATA[Sai@12345.]]>
              </value>
            </param>
            <param index="2">
              <value>
                <![CDATA[ValidEmailValidPassword]]>
              </value>
            </param>
            <param index="3">
              <value>
                <![CDATA[Click on any contact to view the Contact Details]]>
              </value>
            </param>
          </params>
          <reporter-output>
          </reporter-output>
        </test-method> <!-- homepagedata -->
        <test-method is-config="true" signature="closeBrowser()[pri:0, instance:tests.TC_002_LogInTest@37ceb1df]" started-at="2025-08-23T01:34:02 IST" name="closeBrowser" finished-at="2025-08-23T01:34:02 IST" duration-ms="214" status="PASS">
          <reporter-output>
          </reporter-output>
        </test-method> <!-- closeBrowser -->
        <test-method is-config="true" signature="browserLaunchAndUrlLoad(java.lang.String,java.lang.String)[pri:0, instance:tests.TC_002_LogInTest@37ceb1df]" started-at="2025-08-23T01:34:02 IST" name="browserLaunchAndUrlLoad" finished-at="2025-08-23T01:34:04 IST" duration-ms="2646" status="PASS">
          <params>
            <param index="0">
              <value>
                <![CDATA[Chrome]]>
              </value>
            </param>
            <param index="1">
              <value>
                <![CDATA[https://thinking-tester-contact-list.herokuapp.com/]]>
              </value>
            </param>
          </params>
          <reporter-output>
          </reporter-output>
        </test-method> <!-- browserLaunchAndUrlLoad -->
        <test-method signature="homepagedata(java.lang.String,java.lang.String,java.lang.String,java.lang.String)[pri:0, instance:tests.TC_002_LogInTest@37ceb1df]" started-at="2025-08-23T01:34:04 IST" name="homepagedata" data-provider="readData" finished-at="2025-08-23T01:34:05 IST" duration-ms="489" status="PASS">
          <params>
            <param index="0">
              <value>
                <![CDATA[guviuser240@gmail.com]]>
              </value>
            </param>
            <param index="1">
              <value>
                <![CDATA[guvi@123]]>
              </value>
            </param>
            <param index="2">
              <value>
                <![CDATA[ValidEmailInvalidPassword]]>
              </value>
            </param>
            <param index="3">
              <value>
                <![CDATA[Incorrect username or password]]>
              </value>
            </param>
          </params>
          <reporter-output>
          </reporter-output>
        </test-method> <!-- homepagedata -->
        <test-method is-config="true" signature="closeBrowser()[pri:0, instance:tests.TC_002_LogInTest@37ceb1df]" started-at="2025-08-23T01:34:05 IST" name="closeBrowser" finished-at="2025-08-23T01:34:05 IST" duration-ms="225" status="PASS">
          <reporter-output>
          </reporter-output>
        </test-method> <!-- closeBrowser -->
        <test-method is-config="true" signature="browserLaunchAndUrlLoad(java.lang.String,java.lang.String)[pri:0, instance:tests.TC_002_LogInTest@37ceb1df]" started-at="2025-08-23T01:34:05 IST" name="browserLaunchAndUrlLoad" finished-at="2025-08-23T01:34:08 IST" duration-ms="2679" status="PASS">
          <params>
            <param index="0">
              <value>
                <![CDATA[Chrome]]>
              </value>
            </param>
            <param index="1">
              <value>
                <![CDATA[https://thinking-tester-contact-list.herokuapp.com/]]>
              </value>
            </param>
          </params>
          <reporter-output>
          </reporter-output>
        </test-method> <!-- browserLaunchAndUrlLoad -->
        <test-method signature="homepagedata(java.lang.String,java.lang.String,java.lang.String,java.lang.String)[pri:0, instance:tests.TC_002_LogInTest@37ceb1df]" started-at="2025-08-23T01:34:08 IST" name="homepagedata" data-provider="readData" finished-at="2025-08-23T01:34:08 IST" duration-ms="499" status="PASS">
          <params>
            <param index="0">
              <value>
                <![CDATA[Bharathi@gmail.com]]>
              </value>
            </param>
            <param index="1">
              <value>
                <![CDATA[]]>
              </value>
            </param>
            <param index="2">
              <value>
                <![CDATA[InvalidEmailInvalidPassword]]>
              </value>
            </param>
            <param index="3">
              <value>
                <![CDATA[Incorrect username or password]]>
              </value>
            </param>
          </params>
          <reporter-output>
          </reporter-output>
        </test-method> <!-- homepagedata -->
        <test-method is-config="true" signature="closeBrowser()[pri:0, instance:tests.TC_002_LogInTest@37ceb1df]" started-at="2025-08-23T01:34:09 IST" name="closeBrowser" finished-at="2025-08-23T01:34:09 IST" duration-ms="201" status="PASS">
          <reporter-output>
          </reporter-output>
        </test-method> <!-- closeBrowser -->
        <test-method is-config="true" signature="browserLaunchAndUrlLoad(java.lang.String,java.lang.String)[pri:0, instance:tests.TC_002_LogInTest@37ceb1df]" started-at="2025-08-23T01:34:09 IST" name="browserLaunchAndUrlLoad" finished-at="2025-08-23T01:34:12 IST" duration-ms="2731" status="PASS">
          <params>
            <param index="0">
              <value>
                <![CDATA[Chrome]]>
              </value>
            </param>
            <param index="1">
              <value>
                <![CDATA[https://thinking-tester-contact-list.herokuapp.com/]]>
              </value>
            </param>
          </params>
          <reporter-output>
          </reporter-output>
        </test-method> <!-- browserLaunchAndUrlLoad -->
        <test-method signature="homepagedata(java.lang.String,java.lang.String,java.lang.String,java.lang.String)[pri:0, instance:tests.TC_002_LogInTest@37ceb1df]" started-at="2025-08-23T01:34:12 IST" name="homepagedata" data-provider="readData" finished-at="2025-08-23T01:34:12 IST" duration-ms="440" status="PASS">
          <params>
            <param index="0">
              <value>
                <![CDATA[sakthi@user.com]]>
              </value>
            </param>
            <param index="1">
              <value>
                <![CDATA[sakthi@123]]>
              </value>
            </param>
            <param index="2">
              <value>
                <![CDATA[InvalidEmailValidPassword]]>
              </value>
            </param>
            <param index="3">
              <value>
                <![CDATA[Incorrect username or password]]>
              </value>
            </param>
          </params>
          <reporter-output>
          </reporter-output>
        </test-method> <!-- homepagedata -->
        <test-method is-config="true" signature="closeBrowser()[pri:0, instance:tests.TC_002_LogInTest@37ceb1df]" started-at="2025-08-23T01:34:12 IST" name="closeBrowser" finished-at="2025-08-23T01:34:12 IST" duration-ms="219" status="PASS">
          <reporter-output>
          </reporter-output>
        </test-method> <!-- closeBrowser -->
        <test-method is-config="true" signature="browserLaunchAndUrlLoad(java.lang.String,java.lang.String)[pri:0, instance:tests.TC_002_LogInTest@37ceb1df]" started-at="2025-08-23T01:34:12 IST" name="browserLaunchAndUrlLoad" finished-at="2025-08-23T01:34:15 IST" duration-ms="2654" status="PASS">
          <params>
            <param index="0">
              <value>
                <![CDATA[Chrome]]>
              </value>
            </param>
            <param index="1">
              <value>
                <![CDATA[https://thinking-tester-contact-list.herokuapp.com/]]>
              </value>
            </param>
          </params>
          <reporter-output>
          </reporter-output>
        </test-method> <!-- browserLaunchAndUrlLoad -->
        <test-method signature="homepagedata(java.lang.String,java.lang.String,java.lang.String,java.lang.String)[pri:0, instance:tests.TC_002_LogInTest@37ceb1df]" started-at="2025-08-23T01:34:15 IST" name="homepagedata" data-provider="readData" finished-at="2025-08-23T01:34:15 IST" duration-ms="182" status="PASS">
          <params>
            <param index="0">
              <value>
                <![CDATA[sandhiya14@gmail.com]]>
              </value>
            </param>
            <param index="1">
              <value>
                <![CDATA[sandhiya14]]>
              </value>
            </param>
            <param index="2">
              <value>
                <![CDATA[PasswordFieldMask]]>
              </value>
            </param>
            <param index="3">
              <value>
                <![CDATA[password]]>
              </value>
            </param>
          </params>
          <reporter-output>
          </reporter-output>
        </test-method> <!-- homepagedata -->
        <test-method is-config="true" signature="closeBrowser()[pri:0, instance:tests.TC_002_LogInTest@37ceb1df]" started-at="2025-08-23T01:34:15 IST" name="closeBrowser" finished-at="2025-08-23T01:34:15 IST" duration-ms="226" status="PASS">
          <reporter-output>
          </reporter-output>
        </test-method> <!-- closeBrowser -->
      </class> <!-- tests.TC_002_LogInTest -->
    </test> <!-- ChromeTest -->
    <test started-at="2025-08-23T01:36:37 IST" name="EdgeTest" finished-at="2025-08-23T01:36:54 IST" duration-ms="17088">
      <class name="tests.TC_007_InputValidationTest">
        <test-method is-config="true" signature="createReport()[pri:0, instance:tests.TC_007_InputValidationTest@6db9f5a4]" started-at="2025-08-23T01:33:38 IST" name="createReport" finished-at="2025-08-23T01:33:38 IST" duration-ms="194" status="PASS">
          <reporter-output>
          </reporter-output>
        </test-method> <!-- createReport -->
        <test-method is-config="true" signature="setup()[pri:0, instance:tests.TC_007_InputValidationTest@6db9f5a4]" started-at="2025-08-23T01:36:37 IST" name="setup" finished-at="2025-08-23T01:36:37 IST" duration-ms="0" status="PASS">
          <reporter-output>
          </reporter-output>
        </test-method> <!-- setup -->
        <test-method is-config="true" signature="testDetails()[pri:0, instance:tests.TC_007_InputValidationTest@6db9f5a4]" started-at="2025-08-23T01:36:37 IST" name="testDetails" finished-at="2025-08-23T01:36:37 IST" duration-ms="0" status="PASS">
          <reporter-output>
          </reporter-output>
        </test-method> <!-- testDetails -->
        <test-method is-config="true" signature="browserLaunchAndUrlLoad(java.lang.String,java.lang.String)[pri:0, instance:tests.TC_007_InputValidationTest@6db9f5a4]" started-at="2025-08-23T01:36:37 IST" name="browserLaunchAndUrlLoad" finished-at="2025-08-23T01:36:39 IST" duration-ms="2401" status="PASS">
          <params>
            <param index="0">
              <value>
                <![CDATA[Edge]]>
              </value>
            </param>
            <param index="1">
              <value>
                <![CDATA[https://thinking-tester-contact-list.herokuapp.com/]]>
              </value>
            </param>
          </params>
          <reporter-output>
          </reporter-output>
        </test-method> <!-- browserLaunchAndUrlLoad -->
        <test-method signature="inputValidationtest(java.lang.String,java.lang.String,java.lang.String,java.lang.String,java.lang.String,java.lang.String,java.lang.String,java.lang.String,java.lang.String,java.lang.String,java.lang.String,java.lang.String,java.lang.String)[pri:0, instance:tests.TC_007_InputValidationTest@6db9f5a4]" started-at="2025-08-23T01:36:39 IST" name="inputValidationtest" data-provider="readData" finished-at="2025-08-23T01:36:42 IST" duration-ms="2754" status="PASS">
          <params>
            <param index="0">
              <value>
                <![CDATA[abcdefghijklmnopqrstuvwxyzabcdefghijklmnopqrstuvwxyzabcdefghijklmnopqrstuvwxyzabcdefghijklmnopqrstuvwxyzabcdefghijklmnopqrstuvwxyzabcdefghijklmnopqrstuvwxyzabcdefghijklmnopqrstuvwxyzabcdefghijklmnopqrstuvwxyzabcdefghijklmnopqrjhjhjhjjhjhjhjhj]]>
              </value>
            </param>
            <param index="1">
              <value>
                <![CDATA[Yadira]]>
              </value>
            </param>
            <param index="2">
              <value>
                <![CDATA[2005/10/10]]>
              </value>
            </param>
            <param index="3">
              <value>
                <![CDATA[sai@123gmail.com]]>
              </value>
            </param>
            <param index="4">
              <value>
                <![CDATA[9875543211]]>
              </value>
            </param>
            <param index="5">
              <value>
                <![CDATA[Sakthi Nagar]]>
              </value>
            </param>
            <param index="6">
              <value>
                <![CDATA[2nd street]]>
              </value>
            </param>
            <param index="7">
              <value>
                <![CDATA[Chennai]]>
              </value>
            </param>
            <param index="8">
              <value>
                <![CDATA[TamilNadu]]>
              </value>
            </param>
            <param index="9">
              <value>
                <![CDATA[600094]]>
              </value>
            </param>
            <param index="10">
              <value>
                <![CDATA[India]]>
              </value>
            </param>
            <param index="11">
              <value>
                <![CDATA[MaxCharacterLimit]]>
              </value>
            </param>
            <param index="12">
              <value>
                <![CDATA[Contact validation failed: firstName: Path `firstName` (`abcdefghijklmnopqrstuvwxyzabcdefghijklmnopqrstuvwxyzabcdefghijklmnopqrstuvwxyzabcdefghijklmnopqrstuvwxyzabcdefghijklmnopqrstuvwxyzabcdefghijklmnopqrstuvwxyzabcdefghijklmnopqrstuvwxyzabcdefghijklmnopqrstuvwxyzabcdefghijklmnopqrjhjhjhjjhjhjhjhj`) is longer than the maximum allowed length (20).]]>
              </value>
            </param>
          </params>
          <reporter-output>
          </reporter-output>
        </test-method> <!-- inputValidationtest -->
        <test-method is-config="true" signature="closeBrowser()[pri:0, instance:tests.TC_007_InputValidationTest@6db9f5a4]" started-at="2025-08-23T01:36:42 IST" name="closeBrowser" finished-at="2025-08-23T01:36:42 IST" duration-ms="128" status="PASS">
          <reporter-output>
          </reporter-output>
        </test-method> <!-- closeBrowser -->
        <test-method is-config="true" signature="browserLaunchAndUrlLoad(java.lang.String,java.lang.String)[pri:0, instance:tests.TC_007_InputValidationTest@6db9f5a4]" started-at="2025-08-23T01:36:42 IST" name="browserLaunchAndUrlLoad" finished-at="2025-08-23T01:36:45 IST" duration-ms="2358" status="PASS">
          <params>
            <param index="0">
              <value>
                <![CDATA[Edge]]>
              </value>
            </param>
            <param index="1">
              <value>
                <![CDATA[https://thinking-tester-contact-list.herokuapp.com/]]>
              </value>
            </param>
          </params>
          <reporter-output>
          </reporter-output>
        </test-method> <!-- browserLaunchAndUrlLoad -->
        <test-method signature="inputValidationtest(java.lang.String,java.lang.String,java.lang.String,java.lang.String,java.lang.String,java.lang.String,java.lang.String,java.lang.String,java.lang.String,java.lang.String,java.lang.String,java.lang.String,java.lang.String)[pri:0, instance:tests.TC_007_InputValidationTest@6db9f5a4]" started-at="2025-08-23T01:36:45 IST" name="inputValidationtest" data-provider="readData" finished-at="2025-08-23T01:36:48 IST" duration-ms="3484" status="PASS">
          <params>
            <param index="0">
              <value>
                <![CDATA[Saral]]>
              </value>
            </param>
            <param index="1">
              <value>
                <![CDATA[Tamilselvan]]>
              </value>
            </param>
            <param index="2">
              <value>
                <![CDATA[2004/03/02]]>
              </value>
            </param>
            <param index="3">
              <value>
                <![CDATA[saral0211@gmail.com]]>
              </value>
            </param>
            <param index="4">
              <value>
                <![CDATA[9854363211]]>
              </value>
            </param>
            <param index="5">
              <value>
                <![CDATA[S@k%&I nagar]]>
              </value>
            </param>
            <param index="6">
              <value>
                <![CDATA[3rd Street]]>
              </value>
            </param>
            <param index="7">
              <value>
                <![CDATA[Chennai]]>
              </value>
            </param>
            <param index="8">
              <value>
                <![CDATA[TamilNadu]]>
              </value>
            </param>
            <param index="9">
              <value>
                <![CDATA[600094]]>
              </value>
            </param>
            <param index="10">
              <value>
                <![CDATA[India]]>
              </value>
            </param>
            <param index="11">
              <value>
                <![CDATA[VerifyEmojiInAddress]]>
              </value>
            </param>
            <param index="12">
              <value>
                <![CDATA[Saral Tamilselvan]]>
              </value>
            </param>
          </params>
          <reporter-output>
          </reporter-output>
        </test-method> <!-- inputValidationtest -->
        <test-method is-config="true" signature="closeBrowser()[pri:0, instance:tests.TC_007_InputValidationTest@6db9f5a4]" started-at="2025-08-23T01:36:48 IST" name="closeBrowser" finished-at="2025-08-23T01:36:48 IST" duration-ms="120" status="PASS">
          <reporter-output>
          </reporter-output>
        </test-method> <!-- closeBrowser -->
        <test-method is-config="true" signature="closeReport()[pri:0, instance:tests.TC_007_InputValidationTest@6db9f5a4]" started-at="2025-08-23T01:36:54 IST" name="closeReport" finished-at="2025-08-23T01:36:54 IST" duration-ms="206" status="PASS">
          <reporter-output>
          </reporter-output>
        </test-method> <!-- closeReport -->
      </class> <!-- tests.TC_007_InputValidationTest -->
      <class name="tests.TC_008_UiTest">
        <test-method is-config="true" signature="setup()[pri:0, instance:tests.TC_008_UiTest@5f8edcc5]" started-at="2025-08-23T01:36:37 IST" name="setup" finished-at="2025-08-23T01:36:37 IST" duration-ms="0" status="PASS">
          <reporter-output>
          </reporter-output>
        </test-method> <!-- setup -->
        <test-method is-config="true" signature="browserLaunchAndUrlLoad(java.lang.String,java.lang.String)[pri:0, instance:tests.TC_008_UiTest@5f8edcc5]" started-at="2025-08-23T01:36:48 IST" name="browserLaunchAndUrlLoad" finished-at="2025-08-23T01:36:51 IST" duration-ms="2471" status="PASS">
          <params>
            <param index="0">
              <value>
                <![CDATA[Edge]]>
              </value>
            </param>
            <param index="1">
              <value>
                <![CDATA[https://thinking-tester-contact-list.herokuapp.com/]]>
              </value>
            </param>
          </params>
          <reporter-output>
          </reporter-output>
        </test-method> <!-- browserLaunchAndUrlLoad -->
        <test-method is-config="true" signature="testDetails()[pri:0, instance:tests.TC_008_UiTest@5f8edcc5]" started-at="2025-08-23T01:36:48 IST" name="testDetails" finished-at="2025-08-23T01:36:48 IST" duration-ms="0" status="PASS">
          <reporter-output>
          </reporter-output>
        </test-method> <!-- testDetails -->
        <test-method signature="UiTest()[pri:0, instance:tests.TC_008_UiTest@5f8edcc5]" started-at="2025-08-23T01:36:51 IST" name="UiTest" finished-at="2025-08-23T01:36:54 IST" duration-ms="2844" status="PASS">
          <reporter-output>
          </reporter-output>
        </test-method> <!-- UiTest -->
        <test-method is-config="true" signature="closeBrowser()[pri:0, instance:tests.TC_008_UiTest@5f8edcc5]" started-at="2025-08-23T01:36:54 IST" name="closeBrowser" finished-at="2025-08-23T01:36:54 IST" duration-ms="129" status="PASS">
          <reporter-output>
          </reporter-output>
        </test-method> <!-- closeBrowser -->
      </class> <!-- tests.TC_008_UiTest -->
    </test> <!-- EdgeTest -->
  </suite> <!-- Suite -->
</testng-results>
